<?xml version="1.0" encoding="UTF-8" ?>
<testsuite errors="0" failures="1" hostname="Marcos-Armando.local" name="prode.PartidoTests" tests="1" time="0.114" timestamp="2013-07-29T23:40:27">
  <properties />
  <testcase classname="prode.PartidoTests" name="testSomething" time="0.053">
    <failure message="junit.framework.AssertionFailedError: Implement me" type="junit.framework.AssertionFailedError">junit.framework.AssertionFailedError: junit.framework.AssertionFailedError: Implement me
	at prode.PartidoTests.testSomething(PartidoTests.groovy:15)
</failure>
  </testcase>
  <system-out><![CDATA[--Output from testSomething--
]]></system-out>
  <system-err><![CDATA[--Output from testSomething--
]]></system-err>
</testsuite>
