<?xml version="1.0" encoding="UTF-8" ?>
<testsuite errors="0" failures="1" hostname="Marcos-Armando.local" name="prode.ApuestaControllerTests" tests="1" time="1.283" timestamp="2013-07-29T23:40:20">
  <properties />
  <testcase classname="prode.ApuestaControllerTests" name="testSomething" time="1.076">
    <failure message="junit.framework.AssertionFailedError: Implement me" type="junit.framework.AssertionFailedError">junit.framework.AssertionFailedError: junit.framework.AssertionFailedError: Implement me
	at prode.ApuestaControllerTests.testSomething(ApuestaControllerTests.groovy:15)
</failure>
  </testcase>
  <system-out><![CDATA[--Output from testSomething--
]]></system-out>
  <system-err><![CDATA[--Output from testSomething--
]]></system-err>
</testsuite>
