<?xml version="1.0" encoding="UTF-8" ?>
<testsuite errors="0" failures="1" hostname="Marcos-Armando.local" name="prode.CampeonatoTests" tests="1" time="0.12" timestamp="2013-07-29T23:40:24">
  <properties />
  <testcase classname="prode.CampeonatoTests" name="testSomething" time="0.034">
    <failure message="junit.framework.AssertionFailedError: Implement me" type="junit.framework.AssertionFailedError">junit.framework.AssertionFailedError: junit.framework.AssertionFailedError: Implement me
	at prode.CampeonatoTests.testSomething(CampeonatoTests.groovy:15)
</failure>
  </testcase>
  <system-out><![CDATA[--Output from testSomething--
]]></system-out>
  <system-err><![CDATA[--Output from testSomething--
]]></system-err>
</testsuite>
