<?xml version="1.0" encoding="UTF-8" ?>
<testsuite errors="0" failures="1" hostname="Marcos-Armando.local" name="prode.EquipoTests" tests="1" time="0.121" timestamp="2013-07-29T23:40:25">
  <properties />
  <testcase classname="prode.EquipoTests" name="testSomething" time="0.039">
    <failure message="junit.framework.AssertionFailedError: Implement me" type="junit.framework.AssertionFailedError">junit.framework.AssertionFailedError: junit.framework.AssertionFailedError: Implement me
	at prode.EquipoTests.testSomething(EquipoTests.groovy:15)
</failure>
  </testcase>
  <system-out><![CDATA[--Output from testSomething--
]]></system-out>
  <system-err><![CDATA[--Output from testSomething--
]]></system-err>
</testsuite>
